-----------------------------------------------------------------------------
                             INITIALISATIONS
----- Recuperation du catalogue de 2019-05-20T06:53:51 à 2019-05-20T09:00:01
wget --no-check-certificate -O /home/sysop/Outils_Glorieuse/data/catalogue.txt http://sc3.brgm.fr:8080/fdsnws/event/1/query?starttime=2019-05-20T06:53:51&minmagnitude=3
                   &format=text&nodata=404
--2019-05-20 09:00:01--  http://sc3.brgm.fr:8080/fdsnws/event/1/query?starttime=2019-05-20T06:53:51&endtime=2019-05-20T09:00:01&minmagnitude=3%0D&format=text&nodata=404
Resolving sc3.brgm.fr (sc3.brgm.fr)... 193.56.4.194
Connecting to sc3.brgm.fr (sc3.brgm.fr)|193.56.4.194|:8080... connected.
HTTP request sent, awaiting response... 200 OK
Length: unspecified [text/plain]
Saving to: `/home/sysop/Outils_Glorieuse/data/catalogue.txt'

     0K                                                        4.55M=0s

2019-05-20 09:00:02 (4.55 MB/s) - `/home/sysop/Outils_Glorieuse/data/catalogue.txt' saved [286]

----- Recuperation des donnees evenements
Aucun nouvel evenement !
Evenement brgm2019juqn : 2019-05-20T08:51:50 a 2019-05-20T08:53:50
--2019-05-20 09:00:02--  http://193.220.192.205:2080/fdsnws/dataselect/1/query?starttime=2019-05-20T08:51:50&endtime=2019-05-20T08:53:50&network=QM&station=GGLO&channel=HH?&location=00&nodata=404
Connecting to 193.220.192.205:2080... connected.
HTTP request sent, awaiting response... 200 OK
Length: unspecified [application/vnd.fdsn.mseed]
Saving to: `/home/sysop/Outils_Glorieuse/data/GGLO.QM.00.HH.2019-05-20T08:51:50'

     0K .......... .......... .......... .......... .......... 6.31K
    50K .......... .......... .......... ........              22.5K=9.6s

2019-05-20 09:00:31 (9.18 KB/s) - `/home/sysop/Outils_Glorieuse/data/GGLO.QM.00.HH.2019-05-20T08:51:50' saved [90624]

/home/sysop/Outils_Glorieuse/dataselect/dataselect -SDS /home/sysop/Outils_Glorieuse/archive/ /home/sysop/Outils_Glorieuse/data/GGLO.QM.* 
